<?xml version="1.0" encoding="UTF-8"?>
<!-- Generated by org.testng.reporters.JUnitReportReporter -->
<testsuite skipped="0" hostname="DESKTOP-JA79ESH" name="org.letcode.TestClass.LetCodeTest" tests="2" failures="0" timestamp="05 Nov 2022 13:45:13 GMT" time="63.733" errors="0">
  <testcase name="RunTest" time="40.722" classname="org.letcode.TestClass.LetCodeTest"/>
  <testcase name="RunTest" time="23.011" classname="org.letcode.TestClass.LetCodeTest"/>
</testsuite> <!-- org.letcode.TestClass.LetCodeTest -->
